<?xml version="1.0" encoding="UTF-8"?>
<!-- Generated by org.testng.reporters.JUnitReportReporter -->
<testsuite hostname="DESKTOP-TJ8QSMS" failures="0" tests="1" name="com.demoaut.newtourd.test.VerifyInvalidLogin" time="8.662" errors="0" timestamp="2020-06-09T07:57:01 PDT" skipped="0">
  <testcase classname="com.demoaut.newtourd.test.VerifyInvalidLogin" name="verifyInvalidLogin" time="8.662"/>
</testsuite> <!-- com.demoaut.newtourd.test.VerifyInvalidLogin -->
